<?xml version="1.0" encoding="UTF-8"?>
<testsuite xmlns:xsi="http://www.w3.org/2001/XMLSchema-instance" xsi:noNamespaceSchemaLocation="https://maven.apache.org/surefire/maven-surefire-plugin/xsd/surefire-test-report.xsd" name="com.stakater.nordmart.customer.service.CustomerServiceIntegrationTest" time="32.982" tests="4" errors="0" skipped="0" failures="0">
  <properties>
[...]
</properties>
  <testcase name="whenGetByEmail_thenReturnCustomer{Customer}[1]" classname="com.stakater.nordmart.customer.service.CustomerServiceIntegrationTest" time="1.229"/>
  <testcase name="whenGetById_thenReturnCustomer{Customer}[1]" classname="com.stakater.nordmart.customer.service.CustomerServiceIntegrationTest" time="0.242"/>
  <testcase name="whenEntityNull_thenThrowException" classname="com.stakater.nordmart.customer.service.CustomerServiceIntegrationTest" time="0.387"/>
  <testcase name="whenCreate_thenReturnCustomer{Customer}[1]" classname="com.stakater.nordmart.customer.service.CustomerServiceIntegrationTest" time="0.334"/>
</testsuite>